  Controle.cpp
e:\faitec\automatonsimulator\automatonsimulator\TesteAutomato1.h(119): error C2065: 'label2': undeclared identifier
e:\faitec\automatonsimulator\automatonsimulator\TesteAutomato1.h(119): error C2227: left of '->Text' must point to class/struct/union/generic type
  e:\faitec\automatonsimulator\automatonsimulator\TesteAutomato1.h(119): note: type is 'unknown-type'
e:\faitec\automatonsimulator\automatonsimulator\TesteAutomato1.h(126): error C2143: syntax error: missing ';' before '}'
Controle.cpp(44): error C2065: 'Resposta': undeclared identifier
Controle.cpp(44): error C2039: 'verificarPalvra': is not a member of 'Automato1'
  e:\faitec\automatonsimulator\automatonsimulator\Automato1.h(10): note: see declaration of 'Automato1'
Controle.cpp(44): error C2065: 'at1': undeclared identifier
Controle.cpp(44): error C2228: left of '.getPalavra' must have class/struct/union
  Controle.cpp(44): note: type is 'unknown-type'
Controle.cpp(45): error C2065: 'at1': undeclared identifier
Controle.cpp(46): error C2228: left of '.setResposta' must have class/struct/union
  Controle.cpp(46): note: type is 'unknown-type'
Controle.cpp(46): error C2143: syntax error: missing ';' before 'break'
  Principal.cpp
e:\faitec\automatonsimulator\automatonsimulator\TesteAutomato1.h(119): error C2065: 'label2': undeclared identifier
e:\faitec\automatonsimulator\automatonsimulator\TesteAutomato1.h(119): error C2227: left of '->Text' must point to class/struct/union/generic type
  e:\faitec\automatonsimulator\automatonsimulator\TesteAutomato1.h(119): note: type is 'unknown-type'
e:\faitec\automatonsimulator\automatonsimulator\TesteAutomato1.h(126): error C2143: syntax error: missing ';' before '}'
Principal.cpp(3): error C2337: 'STAThread': attribute not found
  TesteAutomato1.cpp
e:\faitec\automatonsimulator\automatonsimulator\TesteAutomato1.h(119): error C2065: 'label2': undeclared identifier
e:\faitec\automatonsimulator\automatonsimulator\TesteAutomato1.h(119): error C2227: left of '->Text' must point to class/struct/union/generic type
  e:\faitec\automatonsimulator\automatonsimulator\TesteAutomato1.h(119): note: type is 'unknown-type'
e:\faitec\automatonsimulator\automatonsimulator\TesteAutomato1.h(126): error C2143: syntax error: missing ';' before '}'
TesteAutomato1.cpp(9): error C2556: 'int AutomatonSimulator::TesteAutomato1::getPalavra(void)': overloaded function differs only by return type from 'std::string AutomatonSimulator::TesteAutomato1::getPalavra(void)'
  e:\faitec\automatonsimulator\automatonsimulator\TesteAutomato1.h(30): note: see declaration of 'AutomatonSimulator::TesteAutomato1::getPalavra'
TesteAutomato1.cpp(9): error C2371: 'AutomatonSimulator::TesteAutomato1::getPalavra': redefinition; different basic types
  e:\faitec\automatonsimulator\automatonsimulator\TesteAutomato1.h(30): note: see declaration of 'AutomatonSimulator::TesteAutomato1::getPalavra'
TesteAutomato1.cpp(16): error C2589: 'end of file': illegal token on right side of '::'
TesteAutomato1.cpp(16): warning C4091: '': ignored on left of 'void' when no variable is declared
TesteAutomato1.cpp(16): error C2143: syntax error: missing ';' before '::'
TesteAutomato1.cpp(16): error C2059: syntax error: '::'
  Generating Code...
